<?xml version="1.0" encoding="UTF-8"?>
<testsuite xmlns:xsi="http://www.w3.org/2001/XMLSchema-instance" xsi:noNamespaceSchemaLocation="https://maven.apache.org/surefire/maven-surefire-plugin/xsd/surefire-test-report-3.0.xsd" version="3.0" name="pe.edu.upc.demosv64.DemoSv64ApplicationTests" time="5.853" tests="1" errors="0" skipped="0" failures="0">
  <properties>
[...]
</properties>
  <testcase name="contextLoads" classname="pe.edu.upc.demosv64.DemoSv64ApplicationTests" time="0.498">
    <system-out><![CDATA[21:27:50.918 [main] INFO org.springframework.test.context.support.AnnotationConfigContextLoaderUtils -- Could not detect default configuration classes for test class [pe.edu.upc.demosv64.DemoSv64ApplicationTests]: DemoSv64ApplicationTests does not declare any static, non-private, non-final, nested classes annotated with @Configuration.
21:27:51.001 [main] INFO org.springframework.boot.test.context.SpringBootTestContextBootstrapper -- Found @SpringBootConfiguration pe.edu.upc.demosv64.DemoSv64Application for test class pe.edu.upc.demosv64.DemoSv64ApplicationTests

  .   ____          _            __ _ _
 /\\ / ___'_ __ _ _(_)_ __  __ _ \ \ \ \
( ( )\___ | '_ | '_| | '_ \/ _` | \ \ \ \
 \\/  ___)| |_)| | | | | || (_| |  ) ) ) )
  '  |____| .__|_| |_|_| |_\__, | / / / /
 =========|_|==============|___/=/_/_/_/
 :: Spring Boot ::                (v3.2.4)

2024-04-14T21:27:51.366-05:00  INFO 8468 --- [demoSV64] [           main] p.e.u.demosv64.DemoSv64ApplicationTests  : Starting DemoSv64ApplicationTests using Java 17.0.10 with PID 8468 (started by rosaa in D:\web202401\Despliegue\demoSV64)
2024-04-14T21:27:51.367-05:00  INFO 8468 --- [demoSV64] [           main] p.e.u.demosv64.DemoSv64ApplicationTests  : No active profile set, falling back to 1 default profile: "default"
2024-04-14T21:27:52.157-05:00  INFO 8468 --- [demoSV64] [           main] .s.d.r.c.RepositoryConfigurationDelegate : Bootstrapping Spring Data JPA repositories in DEFAULT mode.
2024-04-14T21:27:52.209-05:00  INFO 8468 --- [demoSV64] [           main] .s.d.r.c.RepositoryConfigurationDelegate : Finished Spring Data repository scanning in 46 ms. Found 4 JPA repository interfaces.
2024-04-14T21:27:52.780-05:00  INFO 8468 --- [demoSV64] [           main] o.hibernate.jpa.internal.util.LogHelper  : HHH000204: Processing PersistenceUnitInfo [name: default]
2024-04-14T21:27:52.869-05:00  INFO 8468 --- [demoSV64] [           main] org.hibernate.Version                    : HHH000412: Hibernate ORM core version 6.4.4.Final
2024-04-14T21:27:52.914-05:00  INFO 8468 --- [demoSV64] [           main] o.h.c.internal.RegionFactoryInitiator    : HHH000026: Second-level cache disabled
2024-04-14T21:27:53.247-05:00  INFO 8468 --- [demoSV64] [           main] o.s.o.j.p.SpringPersistenceUnitInfo      : No LoadTimeWeaver setup: ignoring JPA class transformer
2024-04-14T21:27:53.273-05:00  INFO 8468 --- [demoSV64] [           main] com.zaxxer.hikari.HikariDataSource       : HikariPool-1 - Starting...
2024-04-14T21:27:53.459-05:00  INFO 8468 --- [demoSV64] [           main] com.zaxxer.hikari.pool.HikariPool        : HikariPool-1 - Added connection org.postgresql.jdbc.PgConnection@1e471884
2024-04-14T21:27:53.461-05:00  INFO 8468 --- [demoSV64] [           main] com.zaxxer.hikari.HikariDataSource       : HikariPool-1 - Start completed.
2024-04-14T21:27:53.489-05:00  WARN 8468 --- [demoSV64] [           main] org.hibernate.orm.deprecation            : HHH90000025: PostgreSQLDialect does not need to be specified explicitly using 'hibernate.dialect' (remove the property setting and it will be selected by default)
2024-04-14T21:27:54.303-05:00  INFO 8468 --- [demoSV64] [           main] o.h.e.t.j.p.i.JtaPlatformInitiator       : HHH000489: No JTA platform available (set 'hibernate.transaction.jta.platform' to enable JTA platform integration)
2024-04-14T21:27:54.380-05:00  INFO 8468 --- [demoSV64] [           main] j.LocalContainerEntityManagerFactoryBean : Initialized JPA EntityManagerFactory for persistence unit 'default'
2024-04-14T21:27:54.773-05:00  INFO 8468 --- [demoSV64] [           main] o.s.d.j.r.query.QueryEnhancerFactory     : Hibernate is in classpath; If applicable, HQL parser will be used.
2024-04-14T21:27:55.225-05:00  WARN 8468 --- [demoSV64] [           main] JpaBaseConfiguration$JpaWebConfiguration : spring.jpa.open-in-view is enabled by default. Therefore, database queries may be performed during view rendering. Explicitly configure spring.jpa.open-in-view to disable this warning
2024-04-14T21:27:55.760-05:00  INFO 8468 --- [demoSV64] [           main] o.s.s.web.DefaultSecurityFilterChain     : Will secure any request with [org.springframework.security.web.session.DisableEncodeUrlFilter@463e0b6a, org.springframework.security.web.context.request.async.WebAsyncManagerIntegrationFilter@2625eb84, org.springframework.security.web.context.SecurityContextHolderFilter@7ea0438c, org.springframework.security.web.header.HeaderWriterFilter@61d4e070, org.springframework.web.filter.CorsFilter@3d2a164e, org.springframework.security.web.authentication.logout.LogoutFilter@32f35739, pe.edu.upc.demosv64.securities.JwtRequestFilter@10c11e36, org.springframework.security.web.authentication.www.BasicAuthenticationFilter@7262532a, org.springframework.security.web.savedrequest.RequestCacheAwareFilter@7083e548, org.springframework.security.web.servletapi.SecurityContextHolderAwareRequestFilter@1f315f3d, org.springframework.security.web.authentication.AnonymousAuthenticationFilter@3725471, org.springframework.security.web.access.ExceptionTranslationFilter@5acbef42, org.springframework.security.web.access.intercept.AuthorizationFilter@41843b88]
2024-04-14T21:27:56.121-05:00  INFO 8468 --- [demoSV64] [           main] p.e.u.demosv64.DemoSv64ApplicationTests  : Started DemoSv64ApplicationTests in 4.984 seconds (process running for 5.8)
]]></system-out>
  </testcase>
</testsuite>